
[2021-11-13 10.04.07]
Error: "name" is required
    at C:\web\26号探案馆\后端\src\descriptor\validate.ts:27:22
    at Layer.handle [as handle_request] (C:\web\26号探案馆\后端\node_modules\express\lib\router\layer.js:95:5)
    at next (C:\web\26号探案馆\后端\node_modules\express\lib\router\route.js:137:13)
    at Route.dispatch (C:\web\26号探案馆\后端\node_modules\express\lib\router\route.js:112:3)
    at Layer.handle [as handle_request] (C:\web\26号探案馆\后端\node_modules\express\lib\router\layer.js:95:5)
    at C:\web\26号探案馆\后端\node_modules\express\lib\router\index.js:281:22
    at Function.process_params (C:\web\26号探案馆\后端\node_modules\express\lib\router\index.js:335:12)
    at next (C:\web\26号探案馆\后端\node_modules\express\lib\router\index.js:275:10)
    at logger (C:\web\26号探案馆\后端\node_modules\morgan\index.js:144:5)
    at Layer.handle [as handle_request] (C:\web\26号探案馆\后端\node_modules\express\lib\router\layer.js:95:5)


[2021-11-13 10.08.53]
/admin/studentsheader:[object Object]sparams:[object Object]squery:[object Object]sbody:[object Object]
Error: "name" is required
    at C:\web\26号探案馆\后端\src\descriptor\validate.ts:27:22
    at Layer.handle [as handle_request] (C:\web\26号探案馆\后端\node_modules\express\lib\router\layer.js:95:5)
    at next (C:\web\26号探案馆\后端\node_modules\express\lib\router\route.js:137:13)
    at Route.dispatch (C:\web\26号探案馆\后端\node_modules\express\lib\router\route.js:112:3)
    at Layer.handle [as handle_request] (C:\web\26号探案馆\后端\node_modules\express\lib\router\layer.js:95:5)
    at C:\web\26号探案馆\后端\node_modules\express\lib\router\index.js:281:22
    at Function.process_params (C:\web\26号探案馆\后端\node_modules\express\lib\router\index.js:335:12)
    at next (C:\web\26号探案馆\后端\node_modules\express\lib\router\index.js:275:10)
    at logger (C:\web\26号探案馆\后端\node_modules\morgan\index.js:144:5)
    at Layer.handle [as handle_request] (C:\web\26号探案馆\后端\node_modules\express\lib\router\layer.js:95:5)


[2021-11-13 10.10.58]
/admin/student	headers:{"host":"localhost:1337","connection":"keep-alive","cache-control":"max-age=0","sec-ch-ua":"\"Google Chrome\";v=\"95\", \"Chromium\";v=\"95\", \";Not A Brand\";v=\"99\"","sec-ch-ua-mobile":"?0","sec-ch-ua-platform":"\"Windows\"","upgrade-insecure-requests":"1","user-agent":"Mozilla/5.0 (Windows NT 10.0; Win64; x64) AppleWebKit/537.36 (KHTML, like Gecko) Chrome/95.0.4638.69 Safari/537.36","accept":"text/html,application/xhtml+xml,application/xml;q=0.9,image/avif,image/webp,image/apng,*/*;q=0.8,application/signed-exchange;v=b3;q=0.9","sec-fetch-site":"none","sec-fetch-mode":"navigate","sec-fetch-user":"?1","sec-fetch-dest":"document","accept-encoding":"gzip, deflate, br","accept-language":"zh-TW,zh-CN;q=0.9,zh;q=0.8,en;q=0.7","cookie":"token=Bearer%20eyJ0eXAiOiJKV1QiLCJhbGciOiJIUzI1NiJ9.eyJpc3MiOiJodHRwOlwvXC9mcy1hZG1pbi53aGd4d2wuY29tXC9hZG1pblwvYXV0aFwvbG9naW4iLCJpYXQiOjE2MzY2ODg1OTksImV4cCI6MTYzNjc3NDk5OSwibmJmIjoxNjM2Njg4NTk5LCJqdGkiOiJjRzRBNTBDWm5PSzdZZEZUIiwic3ViIjoiZmFmOTJiNjQ5MjIwNDZkZTg1OTFkMDE2ZTcwNTlhYTciLCJwcnYiOiI2MDVmOGJiODgxOGZlZDRiNDExZjZmYmRjYWRlMjg3Y2QzNmU4MTAwIiwidmVyIjpudWxsfQ.80gJmVIkTfMibZ3gwsY52uluesJy_tWZkWU3c31YDEM; connect.sid=s%3A0H-p9RaxL3OfTNfUQNrfXttTBPife_L2.LYcfMkq4I1nqGXqxlGOzH6IYcsaQPFpD21bMH8mUYP8","if-none-match":"W/\"3f-LPD6PghlHRfeYwDPuZEH7TAx8L8\""}	params:{}	query:{}	body:{}
Error: "name" is required
    at C:\web\26号探案馆\后端\src\descriptor\validate.ts:27:22
    at Layer.handle [as handle_request] (C:\web\26号探案馆\后端\node_modules\express\lib\router\layer.js:95:5)
    at next (C:\web\26号探案馆\后端\node_modules\express\lib\router\route.js:137:13)
    at Route.dispatch (C:\web\26号探案馆\后端\node_modules\express\lib\router\route.js:112:3)
    at Layer.handle [as handle_request] (C:\web\26号探案馆\后端\node_modules\express\lib\router\layer.js:95:5)
    at C:\web\26号探案馆\后端\node_modules\express\lib\router\index.js:281:22
    at Function.process_params (C:\web\26号探案馆\后端\node_modules\express\lib\router\index.js:335:12)
    at next (C:\web\26号探案馆\后端\node_modules\express\lib\router\index.js:275:10)
    at logger (C:\web\26号探案馆\后端\node_modules\morgan\index.js:144:5)
    at Layer.handle [as handle_request] (C:\web\26号探案馆\后端\node_modules\express\lib\router\layer.js:95:5)


[2021-11-13 10.12.33]
/admin/student
headers:{"host":"localhost:1337","connection":"keep-alive","cache-control":"max-age=0","sec-ch-ua":"\"Google Chrome\";v=\"95\", \"Chromium\";v=\"95\", \";Not A Brand\";v=\"99\"","sec-ch-ua-mobile":"?0","sec-ch-ua-platform":"\"Windows\"","upgrade-insecure-requests":"1","user-agent":"Mozilla/5.0 (Windows NT 10.0; Win64; x64) AppleWebKit/537.36 (KHTML, like Gecko) Chrome/95.0.4638.69 Safari/537.36","accept":"text/html,application/xhtml+xml,application/xml;q=0.9,image/avif,image/webp,image/apng,*/*;q=0.8,application/signed-exchange;v=b3;q=0.9","sec-fetch-site":"none","sec-fetch-mode":"navigate","sec-fetch-user":"?1","sec-fetch-dest":"document","accept-encoding":"gzip, deflate, br","accept-language":"zh-TW,zh-CN;q=0.9,zh;q=0.8,en;q=0.7","cookie":"token=Bearer%20eyJ0eXAiOiJKV1QiLCJhbGciOiJIUzI1NiJ9.eyJpc3MiOiJodHRwOlwvXC9mcy1hZG1pbi53aGd4d2wuY29tXC9hZG1pblwvYXV0aFwvbG9naW4iLCJpYXQiOjE2MzY2ODg1OTksImV4cCI6MTYzNjc3NDk5OSwibmJmIjoxNjM2Njg4NTk5LCJqdGkiOiJjRzRBNTBDWm5PSzdZZEZUIiwic3ViIjoiZmFmOTJiNjQ5MjIwNDZkZTg1OTFkMDE2ZTcwNTlhYTciLCJwcnYiOiI2MDVmOGJiODgxOGZlZDRiNDExZjZmYmRjYWRlMjg3Y2QzNmU4MTAwIiwidmVyIjpudWxsfQ.80gJmVIkTfMibZ3gwsY52uluesJy_tWZkWU3c31YDEM; connect.sid=s%3AlPW4TpaaiKgpkOY2ZS0pWfFZ-B3bw2Pv.VI%2F%2BcbcUgoMbSaD%2BGXUUc4Sr9PUoJBoZY2Px7CdPzS4","if-none-match":"W/\"3f-LPD6PghlHRfeYwDPuZEH7TAx8L8\""}
params:{}
query:{}
body:{}
Error: "name" is required
    at C:\web\26号探案馆\后端\src\descriptor\validate.ts:27:22
    at Layer.handle [as handle_request] (C:\web\26号探案馆\后端\node_modules\express\lib\router\layer.js:95:5)
    at next (C:\web\26号探案馆\后端\node_modules\express\lib\router\route.js:137:13)
    at Route.dispatch (C:\web\26号探案馆\后端\node_modules\express\lib\router\route.js:112:3)
    at Layer.handle [as handle_request] (C:\web\26号探案馆\后端\node_modules\express\lib\router\layer.js:95:5)
    at C:\web\26号探案馆\后端\node_modules\express\lib\router\index.js:281:22
    at Function.process_params (C:\web\26号探案馆\后端\node_modules\express\lib\router\index.js:335:12)
    at next (C:\web\26号探案馆\后端\node_modules\express\lib\router\index.js:275:10)
    at logger (C:\web\26号探案馆\后端\node_modules\morgan\index.js:144:5)
    at Layer.handle [as handle_request] (C:\web\26号探案馆\后端\node_modules\express\lib\router\layer.js:95:5)


[2021-11-13 10.21.01]
/admin/student
headers:{"host":"localhost:1337","connection":"keep-alive","cache-control":"max-age=0","sec-ch-ua":"\"Google Chrome\";v=\"95\", \"Chromium\";v=\"95\", \";Not A Brand\";v=\"99\"","sec-ch-ua-mobile":"?0","sec-ch-ua-platform":"\"Windows\"","upgrade-insecure-requests":"1","user-agent":"Mozilla/5.0 (Windows NT 10.0; Win64; x64) AppleWebKit/537.36 (KHTML, like Gecko) Chrome/95.0.4638.69 Safari/537.36","accept":"text/html,application/xhtml+xml,application/xml;q=0.9,image/avif,image/webp,image/apng,*/*;q=0.8,application/signed-exchange;v=b3;q=0.9","sec-fetch-site":"none","sec-fetch-mode":"navigate","sec-fetch-user":"?1","sec-fetch-dest":"document","accept-encoding":"gzip, deflate, br","accept-language":"zh-TW,zh-CN;q=0.9,zh;q=0.8,en;q=0.7","cookie":"token=Bearer%20eyJ0eXAiOiJKV1QiLCJhbGciOiJIUzI1NiJ9.eyJpc3MiOiJodHRwOlwvXC9mcy1hZG1pbi53aGd4d2wuY29tXC9hZG1pblwvYXV0aFwvbG9naW4iLCJpYXQiOjE2MzY2ODg1OTksImV4cCI6MTYzNjc3NDk5OSwibmJmIjoxNjM2Njg4NTk5LCJqdGkiOiJjRzRBNTBDWm5PSzdZZEZUIiwic3ViIjoiZmFmOTJiNjQ5MjIwNDZkZTg1OTFkMDE2ZTcwNTlhYTciLCJwcnYiOiI2MDVmOGJiODgxOGZlZDRiNDExZjZmYmRjYWRlMjg3Y2QzNmU4MTAwIiwidmVyIjpudWxsfQ.80gJmVIkTfMibZ3gwsY52uluesJy_tWZkWU3c31YDEM; connect.sid=s%3A_aHO1CVySC5ZCTwtOuYwdl3EzDbvn9RV.NvPNYVBpCWbrSEHIQ8XIJ0UtRP8z0dmIKaAw459sbyc","if-none-match":"W/\"3f-LPD6PghlHRfeYwDPuZEH7TAx8L8\""}
params:{}
query:{}
body:{}
Error: "name" is required
    at C:\web\26号探案馆\后端\src\descriptor\validate.ts:27:22
    at Layer.handle [as handle_request] (C:\web\26号探案馆\后端\node_modules\express\lib\router\layer.js:95:5)
    at next (C:\web\26号探案馆\后端\node_modules\express\lib\router\route.js:137:13)
    at Route.dispatch (C:\web\26号探案馆\后端\node_modules\express\lib\router\route.js:112:3)
    at Layer.handle [as handle_request] (C:\web\26号探案馆\后端\node_modules\express\lib\router\layer.js:95:5)
    at C:\web\26号探案馆\后端\node_modules\express\lib\router\index.js:281:22
    at Function.process_params (C:\web\26号探案馆\后端\node_modules\express\lib\router\index.js:335:12)
    at next (C:\web\26号探案馆\后端\node_modules\express\lib\router\index.js:275:10)
    at logger (C:\web\26号探案馆\后端\node_modules\morgan\index.js:144:5)
    at Layer.handle [as handle_request] (C:\web\26号探案馆\后端\node_modules\express\lib\router\layer.js:95:5) 


[2021-11-13 10.21.38]
/admin/student?ddd=xxx
headers:{"host":"localhost:1337","connection":"keep-alive","sec-ch-ua":"\"Google Chrome\";v=\"95\", \"Chromium\";v=\"95\", \";Not A Brand\";v=\"99\"","sec-ch-ua-mobile":"?0","sec-ch-ua-platform":"\"Windows\"","upgrade-insecure-requests":"1","user-agent":"Mozilla/5.0 (Windows NT 10.0; Win64; x64) AppleWebKit/537.36 (KHTML, like Gecko) Chrome/95.0.4638.69 Safari/537.36","accept":"text/html,application/xhtml+xml,application/xml;q=0.9,image/avif,image/webp,image/apng,*/*;q=0.8,application/signed-exchange;v=b3;q=0.9","sec-fetch-site":"none","sec-fetch-mode":"navigate","sec-fetch-user":"?1","sec-fetch-dest":"document","accept-encoding":"gzip, deflate, br","accept-language":"zh-TW,zh-CN;q=0.9,zh;q=0.8,en;q=0.7","cookie":"token=Bearer%20eyJ0eXAiOiJKV1QiLCJhbGciOiJIUzI1NiJ9.eyJpc3MiOiJodHRwOlwvXC9mcy1hZG1pbi53aGd4d2wuY29tXC9hZG1pblwvYXV0aFwvbG9naW4iLCJpYXQiOjE2MzY2ODg1OTksImV4cCI6MTYzNjc3NDk5OSwibmJmIjoxNjM2Njg4NTk5LCJqdGkiOiJjRzRBNTBDWm5PSzdZZEZUIiwic3ViIjoiZmFmOTJiNjQ5MjIwNDZkZTg1OTFkMDE2ZTcwNTlhYTciLCJwcnYiOiI2MDVmOGJiODgxOGZlZDRiNDExZjZmYmRjYWRlMjg3Y2QzNmU4MTAwIiwidmVyIjpudWxsfQ.80gJmVIkTfMibZ3gwsY52uluesJy_tWZkWU3c31YDEM; connect.sid=s%3ABtPLTxwVWfekW5ID5VoIx7MVQLEiuP7H.wZ2hs15QDe4iAcGRlTDGzJtvhe4n6RVavZM1e8Zgp9o"}
params:{}
query:{"ddd":"xxx"}
body:{}
Error: "name" is required
    at C:\web\26号探案馆\后端\src\descriptor\validate.ts:27:22
    at Layer.handle [as handle_request] (C:\web\26号探案馆\后端\node_modules\express\lib\router\layer.js:95:5)
    at next (C:\web\26号探案馆\后端\node_modules\express\lib\router\route.js:137:13)
    at Route.dispatch (C:\web\26号探案馆\后端\node_modules\express\lib\router\route.js:112:3)
    at Layer.handle [as handle_request] (C:\web\26号探案馆\后端\node_modules\express\lib\router\layer.js:95:5)
    at C:\web\26号探案馆\后端\node_modules\express\lib\router\index.js:281:22
    at Function.process_params (C:\web\26号探案馆\后端\node_modules\express\lib\router\index.js:335:12)
    at next (C:\web\26号探案馆\后端\node_modules\express\lib\router\index.js:275:10)
    at logger (C:\web\26号探案馆\后端\node_modules\morgan\index.js:144:5)
    at Layer.handle [as handle_request] (C:\web\26号探案馆\后端\node_modules\express\lib\router\layer.js:95:5) 


[2021-11-13 10.22.23]
/admin/student?ddd=xxx&a=12
headers:{"host":"localhost:1337","connection":"keep-alive","sec-ch-ua":"\"Google Chrome\";v=\"95\", \"Chromium\";v=\"95\", \";Not A Brand\";v=\"99\"","sec-ch-ua-mobile":"?0","sec-ch-ua-platform":"\"Windows\"","upgrade-insecure-requests":"1","user-agent":"Mozilla/5.0 (Windows NT 10.0; Win64; x64) AppleWebKit/537.36 (KHTML, like Gecko) Chrome/95.0.4638.69 Safari/537.36","accept":"text/html,application/xhtml+xml,application/xml;q=0.9,image/avif,image/webp,image/apng,*/*;q=0.8,application/signed-exchange;v=b3;q=0.9","sec-fetch-site":"none","sec-fetch-mode":"navigate","sec-fetch-user":"?1","sec-fetch-dest":"document","accept-encoding":"gzip, deflate, br","accept-language":"zh-TW,zh-CN;q=0.9,zh;q=0.8,en;q=0.7","cookie":"token=Bearer%20eyJ0eXAiOiJKV1QiLCJhbGciOiJIUzI1NiJ9.eyJpc3MiOiJodHRwOlwvXC9mcy1hZG1pbi53aGd4d2wuY29tXC9hZG1pblwvYXV0aFwvbG9naW4iLCJpYXQiOjE2MzY2ODg1OTksImV4cCI6MTYzNjc3NDk5OSwibmJmIjoxNjM2Njg4NTk5LCJqdGkiOiJjRzRBNTBDWm5PSzdZZEZUIiwic3ViIjoiZmFmOTJiNjQ5MjIwNDZkZTg1OTFkMDE2ZTcwNTlhYTciLCJwcnYiOiI2MDVmOGJiODgxOGZlZDRiNDExZjZmYmRjYWRlMjg3Y2QzNmU4MTAwIiwidmVyIjpudWxsfQ.80gJmVIkTfMibZ3gwsY52uluesJy_tWZkWU3c31YDEM; connect.sid=s%3ABtPLTxwVWfekW5ID5VoIx7MVQLEiuP7H.wZ2hs15QDe4iAcGRlTDGzJtvhe4n6RVavZM1e8Zgp9o"}
params:{}
query:{"ddd":"xxx","a":"12"}
body:{}
Error: "name" is required
    at C:\web\26号探案馆\后端\src\descriptor\validate.ts:27:22
    at Layer.handle [as handle_request] (C:\web\26号探案馆\后端\node_modules\express\lib\router\layer.js:95:5)
    at next (C:\web\26号探案馆\后端\node_modules\express\lib\router\route.js:137:13)
    at Route.dispatch (C:\web\26号探案馆\后端\node_modules\express\lib\router\route.js:112:3)
    at Layer.handle [as handle_request] (C:\web\26号探案馆\后端\node_modules\express\lib\router\layer.js:95:5)
    at C:\web\26号探案馆\后端\node_modules\express\lib\router\index.js:281:22
    at Function.process_params (C:\web\26号探案馆\后端\node_modules\express\lib\router\index.js:335:12)
    at next (C:\web\26号探案馆\后端\node_modules\express\lib\router\index.js:275:10)
    at logger (C:\web\26号探案馆\后端\node_modules\morgan\index.js:144:5)
    at Layer.handle [as handle_request] (C:\web\26号探案馆\后端\node_modules\express\lib\router\layer.js:95:5) 


[2021-11-13 10.22.31]
/admin/student?ddd=xxx&a=13
headers:{"host":"localhost:1337","connection":"keep-alive","sec-ch-ua":"\"Google Chrome\";v=\"95\", \"Chromium\";v=\"95\", \";Not A Brand\";v=\"99\"","sec-ch-ua-mobile":"?0","sec-ch-ua-platform":"\"Windows\"","upgrade-insecure-requests":"1","user-agent":"Mozilla/5.0 (Windows NT 10.0; Win64; x64) AppleWebKit/537.36 (KHTML, like Gecko) Chrome/95.0.4638.69 Safari/537.36","accept":"text/html,application/xhtml+xml,application/xml;q=0.9,image/avif,image/webp,image/apng,*/*;q=0.8,application/signed-exchange;v=b3;q=0.9","sec-fetch-site":"none","sec-fetch-mode":"navigate","sec-fetch-user":"?1","sec-fetch-dest":"document","accept-encoding":"gzip, deflate, br","accept-language":"zh-TW,zh-CN;q=0.9,zh;q=0.8,en;q=0.7","cookie":"token=Bearer%20eyJ0eXAiOiJKV1QiLCJhbGciOiJIUzI1NiJ9.eyJpc3MiOiJodHRwOlwvXC9mcy1hZG1pbi53aGd4d2wuY29tXC9hZG1pblwvYXV0aFwvbG9naW4iLCJpYXQiOjE2MzY2ODg1OTksImV4cCI6MTYzNjc3NDk5OSwibmJmIjoxNjM2Njg4NTk5LCJqdGkiOiJjRzRBNTBDWm5PSzdZZEZUIiwic3ViIjoiZmFmOTJiNjQ5MjIwNDZkZTg1OTFkMDE2ZTcwNTlhYTciLCJwcnYiOiI2MDVmOGJiODgxOGZlZDRiNDExZjZmYmRjYWRlMjg3Y2QzNmU4MTAwIiwidmVyIjpudWxsfQ.80gJmVIkTfMibZ3gwsY52uluesJy_tWZkWU3c31YDEM; connect.sid=s%3ARIcCTbUPVlaN1U0fM_pIZTyOanxA87lq.C1joFadMR0uDaO1nIoKXoLV1Nrc%2FQhbU1eYQuqXj2Yg"}
params:{}
query:{"ddd":"xxx","a":"13"}
body:{}
Error: "name" is required
    at C:\web\26号探案馆\后端\src\descriptor\validate.ts:27:22
    at Layer.handle [as handle_request] (C:\web\26号探案馆\后端\node_modules\express\lib\router\layer.js:95:5)
    at next (C:\web\26号探案馆\后端\node_modules\express\lib\router\route.js:137:13)
    at Route.dispatch (C:\web\26号探案馆\后端\node_modules\express\lib\router\route.js:112:3)
    at Layer.handle [as handle_request] (C:\web\26号探案馆\后端\node_modules\express\lib\router\layer.js:95:5)
    at C:\web\26号探案馆\后端\node_modules\express\lib\router\index.js:281:22
    at Function.process_params (C:\web\26号探案馆\后端\node_modules\express\lib\router\index.js:335:12)
    at next (C:\web\26号探案馆\后端\node_modules\express\lib\router\index.js:275:10)
    at logger (C:\web\26号探案馆\后端\node_modules\morgan\index.js:144:5)
    at Layer.handle [as handle_request] (C:\web\26号探案馆\后端\node_modules\express\lib\router\layer.js:95:5) 

