[2021-11-13 09.49.33] GET /admin 200 {} {}
[2021-11-13 09.49.33] GET /admin/xx 404 {} {}
[2021-11-13 09.49.58] GET /admin/xx 302 {} {}
[2021-11-13 09.54.51] GET /admin 304 {} {}
[2021-11-13 09.54.51] GET /admin/xx 302 {} {}
[2021-11-13 09.54.51] GET /admin 304 {} {}
[2021-11-13 09.54.51] GET /admin 304 {} {}
[2021-11-13 10.03.45] GET /admin 304 {} {}
[2021-11-13 10.03.45] GET /admin/student 200 {} {}
[2021-11-13 10.08.39] GET /admin/student 304 {} {}
[2021-11-13 10.10.50] GET /admin/student 304 {} {}
[2021-11-13 10.12.30] GET /admin/student 304 {} {}
[2021-11-13 10.20.56] 
headers: {"host":"localhost:1337","connection":"keep-alive","cache-control":"max-age=0","sec-ch-ua":"\"Google Chrome\";v=\"95\", \"Chromium\";v=\"95\", \";Not A Brand\";v=\"99\"","sec-ch-ua-mobile":"?0","sec-ch-ua-platform":"\"Windows\"","upgrade-insecure-requests":"1","user-agent":"Mozilla/5.0 (Windows NT 10.0; Win64; x64) AppleWebKit/537.36 (KHTML, like Gecko) Chrome/95.0.4638.69 Safari/537.36","accept":"text/html,application/xhtml+xml,application/xml;q=0.9,image/avif,image/webp,image/apng,*/*;q=0.8,application/signed-exchange;v=b3;q=0.9","sec-fetch-site":"none","sec-fetch-mode":"navigate","sec-fetch-user":"?1","sec-fetch-dest":"document","accept-encoding":"gzip, deflate, br","accept-language":"zh-TW,zh-CN;q=0.9,zh;q=0.8,en;q=0.7","cookie":"token=Bearer%20eyJ0eXAiOiJKV1QiLCJhbGciOiJIUzI1NiJ9.eyJpc3MiOiJodHRwOlwvXC9mcy1hZG1pbi53aGd4d2wuY29tXC9hZG1pblwvYXV0aFwvbG9naW4iLCJpYXQiOjE2MzY2ODg1OTksImV4cCI6MTYzNjc3NDk5OSwibmJmIjoxNjM2Njg4NTk5LCJqdGkiOiJjRzRBNTBDWm5PSzdZZEZUIiwic3ViIjoiZmFmOTJiNjQ5MjIwNDZkZTg1OTFkMDE2ZTcwNTlhYTciLCJwcnYiOiI2MDVmOGJiODgxOGZlZDRiNDExZjZmYmRjYWRlMjg3Y2QzNmU4MTAwIiwidmVyIjpudWxsfQ.80gJmVIkTfMibZ3gwsY52uluesJy_tWZkWU3c31YDEM; connect.sid=s%3A_aHO1CVySC5ZCTwtOuYwdl3EzDbvn9RV.NvPNYVBpCWbrSEHIQ8XIJ0UtRP8z0dmIKaAw459sbyc","if-none-match":"W/\"3f-LPD6PghlHRfeYwDPuZEH7TAx8L8\""} 
GET /admin/student 304 
params: {} query: {} body: {}
[2021-11-13 10.20.56] 
headers: {"host":"localhost:1337","connection":"keep-alive","sec-ch-ua":"\"Google Chrome\";v=\"95\", \"Chromium\";v=\"95\", \";Not A Brand\";v=\"99\"","sec-ch-ua-mobile":"?0","sec-ch-ua-platform":"\"Windows\"","upgrade-insecure-requests":"1","user-agent":"Mozilla/5.0 (Windows NT 10.0; Win64; x64) AppleWebKit/537.36 (KHTML, like Gecko) Chrome/95.0.4638.69 Safari/537.36","accept":"text/html,application/xhtml+xml,application/xml;q=0.9,image/avif,image/webp,image/apng,*/*;q=0.8,application/signed-exchange;v=b3;q=0.9","sec-fetch-site":"none","sec-fetch-mode":"navigate","sec-fetch-user":"?1","sec-fetch-dest":"document","accept-encoding":"gzip, deflate, br","accept-language":"zh-TW,zh-CN;q=0.9,zh;q=0.8,en;q=0.7","cookie":"token=Bearer%20eyJ0eXAiOiJKV1QiLCJhbGciOiJIUzI1NiJ9.eyJpc3MiOiJodHRwOlwvXC9mcy1hZG1pbi53aGd4d2wuY29tXC9hZG1pblwvYXV0aFwvbG9naW4iLCJpYXQiOjE2MzY2ODg1OTksImV4cCI6MTYzNjc3NDk5OSwibmJmIjoxNjM2Njg4NTk5LCJqdGkiOiJjRzRBNTBDWm5PSzdZZEZUIiwic3ViIjoiZmFmOTJiNjQ5MjIwNDZkZTg1OTFkMDE2ZTcwNTlhYTciLCJwcnYiOiI2MDVmOGJiODgxOGZlZDRiNDExZjZmYmRjYWRlMjg3Y2QzNmU4MTAwIiwidmVyIjpudWxsfQ.80gJmVIkTfMibZ3gwsY52uluesJy_tWZkWU3c31YDEM; connect.sid=s%3ABtPLTxwVWfekW5ID5VoIx7MVQLEiuP7H.wZ2hs15QDe4iAcGRlTDGzJtvhe4n6RVavZM1e8Zgp9o"} 
GET /admin/student/123 302 
params: {} query: {} body: {}
[2021-11-13 10.20.56] 
headers: {"host":"localhost:1337","connection":"keep-alive","sec-ch-ua":"\"Google Chrome\";v=\"95\", \"Chromium\";v=\"95\", \";Not A Brand\";v=\"99\"","sec-ch-ua-mobile":"?0","sec-ch-ua-platform":"\"Windows\"","upgrade-insecure-requests":"1","user-agent":"Mozilla/5.0 (Windows NT 10.0; Win64; x64) AppleWebKit/537.36 (KHTML, like Gecko) Chrome/95.0.4638.69 Safari/537.36","accept":"text/html,application/xhtml+xml,application/xml;q=0.9,image/avif,image/webp,image/apng,*/*;q=0.8,application/signed-exchange;v=b3;q=0.9","sec-fetch-site":"none","sec-fetch-mode":"navigate","sec-fetch-user":"?1","sec-fetch-dest":"document","accept-encoding":"gzip, deflate, br","accept-language":"zh-TW,zh-CN;q=0.9,zh;q=0.8,en;q=0.7","cookie":"token=Bearer%20eyJ0eXAiOiJKV1QiLCJhbGciOiJIUzI1NiJ9.eyJpc3MiOiJodHRwOlwvXC9mcy1hZG1pbi53aGd4d2wuY29tXC9hZG1pblwvYXV0aFwvbG9naW4iLCJpYXQiOjE2MzY2ODg1OTksImV4cCI6MTYzNjc3NDk5OSwibmJmIjoxNjM2Njg4NTk5LCJqdGkiOiJjRzRBNTBDWm5PSzdZZEZUIiwic3ViIjoiZmFmOTJiNjQ5MjIwNDZkZTg1OTFkMDE2ZTcwNTlhYTciLCJwcnYiOiI2MDVmOGJiODgxOGZlZDRiNDExZjZmYmRjYWRlMjg3Y2QzNmU4MTAwIiwidmVyIjpudWxsfQ.80gJmVIkTfMibZ3gwsY52uluesJy_tWZkWU3c31YDEM; connect.sid=s%3ABtPLTxwVWfekW5ID5VoIx7MVQLEiuP7H.wZ2hs15QDe4iAcGRlTDGzJtvhe4n6RVavZM1e8Zgp9o"} 
GET /admin/student?ddd=xxx 200 
params: {} query: {"ddd":"xxx"} body: {}
[2021-11-13 10.22.15] 
headers: {"host":"localhost:1337","connection":"keep-alive","sec-ch-ua":"\"Google Chrome\";v=\"95\", \"Chromium\";v=\"95\", \";Not A Brand\";v=\"99\"","sec-ch-ua-mobile":"?0","sec-ch-ua-platform":"\"Windows\"","upgrade-insecure-requests":"1","user-agent":"Mozilla/5.0 (Windows NT 10.0; Win64; x64) AppleWebKit/537.36 (KHTML, like Gecko) Chrome/95.0.4638.69 Safari/537.36","accept":"text/html,application/xhtml+xml,application/xml;q=0.9,image/avif,image/webp,image/apng,*/*;q=0.8,application/signed-exchange;v=b3;q=0.9","sec-fetch-site":"none","sec-fetch-mode":"navigate","sec-fetch-user":"?1","sec-fetch-dest":"document","accept-encoding":"gzip, deflate, br","accept-language":"zh-TW,zh-CN;q=0.9,zh;q=0.8,en;q=0.7","cookie":"token=Bearer%20eyJ0eXAiOiJKV1QiLCJhbGciOiJIUzI1NiJ9.eyJpc3MiOiJodHRwOlwvXC9mcy1hZG1pbi53aGd4d2wuY29tXC9hZG1pblwvYXV0aFwvbG9naW4iLCJpYXQiOjE2MzY2ODg1OTksImV4cCI6MTYzNjc3NDk5OSwibmJmIjoxNjM2Njg4NTk5LCJqdGkiOiJjRzRBNTBDWm5PSzdZZEZUIiwic3ViIjoiZmFmOTJiNjQ5MjIwNDZkZTg1OTFkMDE2ZTcwNTlhYTciLCJwcnYiOiI2MDVmOGJiODgxOGZlZDRiNDExZjZmYmRjYWRlMjg3Y2QzNmU4MTAwIiwidmVyIjpudWxsfQ.80gJmVIkTfMibZ3gwsY52uluesJy_tWZkWU3c31YDEM; connect.sid=s%3ABtPLTxwVWfekW5ID5VoIx7MVQLEiuP7H.wZ2hs15QDe4iAcGRlTDGzJtvhe4n6RVavZM1e8Zgp9o"} 
GET /admin/student?ddd=xxx&a=12 200 
params: {} query: {"ddd":"xxx","a":"12"} body: {} 

[2021-11-13 10.22.15] 
headers: {"host":"localhost:1337","connection":"keep-alive","sec-ch-ua":"\"Google Chrome\";v=\"95\", \"Chromium\";v=\"95\", \";Not A Brand\";v=\"99\"","sec-ch-ua-mobile":"?0","sec-ch-ua-platform":"\"Windows\"","upgrade-insecure-requests":"1","user-agent":"Mozilla/5.0 (Windows NT 10.0; Win64; x64) AppleWebKit/537.36 (KHTML, like Gecko) Chrome/95.0.4638.69 Safari/537.36","accept":"text/html,application/xhtml+xml,application/xml;q=0.9,image/avif,image/webp,image/apng,*/*;q=0.8,application/signed-exchange;v=b3;q=0.9","sec-fetch-site":"none","sec-fetch-mode":"navigate","sec-fetch-user":"?1","sec-fetch-dest":"document","accept-encoding":"gzip, deflate, br","accept-language":"zh-TW,zh-CN;q=0.9,zh;q=0.8,en;q=0.7","cookie":"token=Bearer%20eyJ0eXAiOiJKV1QiLCJhbGciOiJIUzI1NiJ9.eyJpc3MiOiJodHRwOlwvXC9mcy1hZG1pbi53aGd4d2wuY29tXC9hZG1pblwvYXV0aFwvbG9naW4iLCJpYXQiOjE2MzY2ODg1OTksImV4cCI6MTYzNjc3NDk5OSwibmJmIjoxNjM2Njg4NTk5LCJqdGkiOiJjRzRBNTBDWm5PSzdZZEZUIiwic3ViIjoiZmFmOTJiNjQ5MjIwNDZkZTg1OTFkMDE2ZTcwNTlhYTciLCJwcnYiOiI2MDVmOGJiODgxOGZlZDRiNDExZjZmYmRjYWRlMjg3Y2QzNmU4MTAwIiwidmVyIjpudWxsfQ.80gJmVIkTfMibZ3gwsY52uluesJy_tWZkWU3c31YDEM; connect.sid=s%3ARIcCTbUPVlaN1U0fM_pIZTyOanxA87lq.C1joFadMR0uDaO1nIoKXoLV1Nrc%2FQhbU1eYQuqXj2Yg"} 
GET /admin/student?ddd=xxx&a=13 200 
params: {} query: {"ddd":"xxx","a":"13"} body: {} 

